ERROR - 2022-12-21 00:24:41 --> mysqli_sql_exception: Table 'ticketbooking.promptpay_refills' doesn't exist in C:\xampp\htdocs\landing.ticketbooking\system\Database\MySQLi\Connection.php:292
Stack trace:
#0 C:\xampp\htdocs\landing.ticketbooking\system\Database\MySQLi\Connection.php(292): mysqli->query('SELECT *\nFROM `...', 0)
#1 C:\xampp\htdocs\landing.ticketbooking\system\Database\BaseConnection.php(693): CodeIgniter\Database\MySQLi\Connection->execute('SELECT *\nFROM `...')
#2 C:\xampp\htdocs\landing.ticketbooking\system\Database\BaseConnection.php(620): CodeIgniter\Database\BaseConnection->simpleQuery('SELECT *\nFROM `...')
#3 C:\xampp\htdocs\landing.ticketbooking\system\Database\BaseBuilder.php(1585): CodeIgniter\Database\BaseConnection->query('SELECT *\nFROM `...', Array, false)
#4 C:\xampp\htdocs\landing.ticketbooking\app\Models\PromptpayRefillModel.php(73): CodeIgniter\Database\BaseBuilder->get()
#5 C:\xampp\htdocs\landing.ticketbooking\app\Controllers\Deposit.php(123): App\Models\PromptpayRefillModel->getPromptpayRefillByMemberIDAndStatus('294152801598284...', '\xE0\xB8\xA3\xE0\xB8\xAD')
#6 C:\xampp\htdocs\landing.ticketbooking\app\Controllers\Deposit.php(34): App\Controllers\Deposit->getPromptPayQRByMemberID('294152801598284...')
#7 C:\xampp\htdocs\landing.ticketbooking\system\CodeIgniter.php(907): App\Controllers\Deposit->generatePromptPayQR()
#8 C:\xampp\htdocs\landing.ticketbooking\system\CodeIgniter.php(457): CodeIgniter\CodeIgniter->runController(Object(App\Controllers\Deposit))
#9 C:\xampp\htdocs\landing.ticketbooking\system\CodeIgniter.php(340): CodeIgniter\CodeIgniter->handleRequest(NULL, Object(Config\Cache), false)
#10 C:\xampp\htdocs\landing.ticketbooking\public\index.php(67): CodeIgniter\CodeIgniter->run()
#11 C:\xampp\htdocs\landing.ticketbooking\system\Commands\Server\rewrite.php(43): require_once('C:\\xampp\\htdocs...')
#12 {main}
ERROR - 2022-12-21 00:27:35 --> mysqli_sql_exception: Table 'ticketbooking.promptpay_refills' doesn't exist in C:\xampp\htdocs\landing.ticketbooking\system\Database\MySQLi\Connection.php:292
Stack trace:
#0 C:\xampp\htdocs\landing.ticketbooking\system\Database\MySQLi\Connection.php(292): mysqli->query('SELECT *\nFROM `...', 0)
#1 C:\xampp\htdocs\landing.ticketbooking\system\Database\BaseConnection.php(693): CodeIgniter\Database\MySQLi\Connection->execute('SELECT *\nFROM `...')
#2 C:\xampp\htdocs\landing.ticketbooking\system\Database\BaseConnection.php(620): CodeIgniter\Database\BaseConnection->simpleQuery('SELECT *\nFROM `...')
#3 C:\xampp\htdocs\landing.ticketbooking\system\Database\BaseBuilder.php(1585): CodeIgniter\Database\BaseConnection->query('SELECT *\nFROM `...', Array, false)
#4 C:\xampp\htdocs\landing.ticketbooking\app\Models\PromptpayRefillModel.php(73): CodeIgniter\Database\BaseBuilder->get()
#5 C:\xampp\htdocs\landing.ticketbooking\app\Controllers\Deposit.php(123): App\Models\PromptpayRefillModel->getPromptpayRefillByMemberIDAndStatus('294152801598284...', '\xE0\xB8\xA3\xE0\xB8\xAD')
#6 C:\xampp\htdocs\landing.ticketbooking\app\Controllers\Deposit.php(34): App\Controllers\Deposit->getPromptPayQRByMemberID('294152801598284...')
#7 C:\xampp\htdocs\landing.ticketbooking\system\CodeIgniter.php(907): App\Controllers\Deposit->generatePromptPayQR()
#8 C:\xampp\htdocs\landing.ticketbooking\system\CodeIgniter.php(457): CodeIgniter\CodeIgniter->runController(Object(App\Controllers\Deposit))
#9 C:\xampp\htdocs\landing.ticketbooking\system\CodeIgniter.php(340): CodeIgniter\CodeIgniter->handleRequest(NULL, Object(Config\Cache), false)
#10 C:\xampp\htdocs\landing.ticketbooking\public\index.php(67): CodeIgniter\CodeIgniter->run()
#11 C:\xampp\htdocs\landing.ticketbooking\system\Commands\Server\rewrite.php(43): require_once('C:\\xampp\\htdocs...')
#12 {main}
ERROR - 2022-12-21 00:27:46 --> mysqli_sql_exception: Table 'ticketbooking.promptpay_refills' doesn't exist in C:\xampp\htdocs\landing.ticketbooking\system\Database\MySQLi\Connection.php:292
Stack trace:
#0 C:\xampp\htdocs\landing.ticketbooking\system\Database\MySQLi\Connection.php(292): mysqli->query('SELECT *\nFROM `...', 0)
#1 C:\xampp\htdocs\landing.ticketbooking\system\Database\BaseConnection.php(693): CodeIgniter\Database\MySQLi\Connection->execute('SELECT *\nFROM `...')
#2 C:\xampp\htdocs\landing.ticketbooking\system\Database\BaseConnection.php(620): CodeIgniter\Database\BaseConnection->simpleQuery('SELECT *\nFROM `...')
#3 C:\xampp\htdocs\landing.ticketbooking\system\Database\BaseBuilder.php(1585): CodeIgniter\Database\BaseConnection->query('SELECT *\nFROM `...', Array, false)
#4 C:\xampp\htdocs\landing.ticketbooking\app\Models\PromptpayRefillModel.php(73): CodeIgniter\Database\BaseBuilder->get()
#5 C:\xampp\htdocs\landing.ticketbooking\app\Controllers\Deposit.php(123): App\Models\PromptpayRefillModel->getPromptpayRefillByMemberIDAndStatus('294152801598284...', '\xE0\xB8\xA3\xE0\xB8\xAD')
#6 C:\xampp\htdocs\landing.ticketbooking\app\Controllers\Deposit.php(34): App\Controllers\Deposit->getPromptPayQRByMemberID('294152801598284...')
#7 C:\xampp\htdocs\landing.ticketbooking\system\CodeIgniter.php(907): App\Controllers\Deposit->generatePromptPayQR()
#8 C:\xampp\htdocs\landing.ticketbooking\system\CodeIgniter.php(457): CodeIgniter\CodeIgniter->runController(Object(App\Controllers\Deposit))
#9 C:\xampp\htdocs\landing.ticketbooking\system\CodeIgniter.php(340): CodeIgniter\CodeIgniter->handleRequest(NULL, Object(Config\Cache), false)
#10 C:\xampp\htdocs\landing.ticketbooking\public\index.php(67): CodeIgniter\CodeIgniter->run()
#11 C:\xampp\htdocs\landing.ticketbooking\system\Commands\Server\rewrite.php(43): require_once('C:\\xampp\\htdocs...')
#12 {main}
ERROR - 2022-12-21 00:28:10 --> mysqli_sql_exception: Table 'ticketbooking.promptpay_refills' doesn't exist in C:\xampp\htdocs\landing.ticketbooking\system\Database\MySQLi\Connection.php:292
Stack trace:
#0 C:\xampp\htdocs\landing.ticketbooking\system\Database\MySQLi\Connection.php(292): mysqli->query('SELECT *\nFROM `...', 0)
#1 C:\xampp\htdocs\landing.ticketbooking\system\Database\BaseConnection.php(693): CodeIgniter\Database\MySQLi\Connection->execute('SELECT *\nFROM `...')
#2 C:\xampp\htdocs\landing.ticketbooking\system\Database\BaseConnection.php(620): CodeIgniter\Database\BaseConnection->simpleQuery('SELECT *\nFROM `...')
#3 C:\xampp\htdocs\landing.ticketbooking\system\Database\BaseBuilder.php(1585): CodeIgniter\Database\BaseConnection->query('SELECT *\nFROM `...', Array, false)
#4 C:\xampp\htdocs\landing.ticketbooking\app\Models\PromptpayRefillModel.php(73): CodeIgniter\Database\BaseBuilder->get()
#5 C:\xampp\htdocs\landing.ticketbooking\app\Controllers\Deposit.php(123): App\Models\PromptpayRefillModel->getPromptpayRefillByMemberIDAndStatus('294152801598284...', '\xE0\xB8\xA3\xE0\xB8\xAD')
#6 C:\xampp\htdocs\landing.ticketbooking\app\Controllers\Deposit.php(34): App\Controllers\Deposit->getPromptPayQRByMemberID('294152801598284...')
#7 C:\xampp\htdocs\landing.ticketbooking\system\CodeIgniter.php(907): App\Controllers\Deposit->generatePromptPayQR()
#8 C:\xampp\htdocs\landing.ticketbooking\system\CodeIgniter.php(457): CodeIgniter\CodeIgniter->runController(Object(App\Controllers\Deposit))
#9 C:\xampp\htdocs\landing.ticketbooking\system\CodeIgniter.php(340): CodeIgniter\CodeIgniter->handleRequest(NULL, Object(Config\Cache), false)
#10 C:\xampp\htdocs\landing.ticketbooking\public\index.php(67): CodeIgniter\CodeIgniter->run()
#11 C:\xampp\htdocs\landing.ticketbooking\system\Commands\Server\rewrite.php(43): require_once('C:\\xampp\\htdocs...')
#12 {main}
ERROR - 2022-12-21 00:29:13 --> mysqli_sql_exception: Table 'ticketbooking.promptpay_refills' doesn't exist in C:\xampp\htdocs\landing.ticketbooking\system\Database\MySQLi\Connection.php:292
Stack trace:
#0 C:\xampp\htdocs\landing.ticketbooking\system\Database\MySQLi\Connection.php(292): mysqli->query('SELECT *\nFROM `...', 0)
#1 C:\xampp\htdocs\landing.ticketbooking\system\Database\BaseConnection.php(693): CodeIgniter\Database\MySQLi\Connection->execute('SELECT *\nFROM `...')
#2 C:\xampp\htdocs\landing.ticketbooking\system\Database\BaseConnection.php(620): CodeIgniter\Database\BaseConnection->simpleQuery('SELECT *\nFROM `...')
#3 C:\xampp\htdocs\landing.ticketbooking\system\Database\BaseBuilder.php(1585): CodeIgniter\Database\BaseConnection->query('SELECT *\nFROM `...', Array, false)
#4 C:\xampp\htdocs\landing.ticketbooking\app\Models\PromptpayRefillModel.php(73): CodeIgniter\Database\BaseBuilder->get()
#5 C:\xampp\htdocs\landing.ticketbooking\app\Controllers\Deposit.php(123): App\Models\PromptpayRefillModel->getPromptpayRefillByMemberIDAndStatus('294152801598284...', '\xE0\xB8\xA3\xE0\xB8\xAD')
#6 C:\xampp\htdocs\landing.ticketbooking\app\Controllers\Deposit.php(34): App\Controllers\Deposit->getPromptPayQRByMemberID('294152801598284...')
#7 C:\xampp\htdocs\landing.ticketbooking\system\CodeIgniter.php(907): App\Controllers\Deposit->generatePromptPayQR()
#8 C:\xampp\htdocs\landing.ticketbooking\system\CodeIgniter.php(457): CodeIgniter\CodeIgniter->runController(Object(App\Controllers\Deposit))
#9 C:\xampp\htdocs\landing.ticketbooking\system\CodeIgniter.php(340): CodeIgniter\CodeIgniter->handleRequest(NULL, Object(Config\Cache), false)
#10 C:\xampp\htdocs\landing.ticketbooking\public\index.php(67): CodeIgniter\CodeIgniter->run()
#11 C:\xampp\htdocs\landing.ticketbooking\system\Commands\Server\rewrite.php(43): require_once('C:\\xampp\\htdocs...')
#12 {main}
ERROR - 2022-12-21 01:47:52 --> mysqli_sql_exception: Table 'ticketbooking.promptpay_refills' doesn't exist in C:\xampp\htdocs\landing.ticketbooking\system\Database\MySQLi\Connection.php:292
Stack trace:
#0 C:\xampp\htdocs\landing.ticketbooking\system\Database\MySQLi\Connection.php(292): mysqli->query('SELECT *\nFROM `...', 0)
#1 C:\xampp\htdocs\landing.ticketbooking\system\Database\BaseConnection.php(693): CodeIgniter\Database\MySQLi\Connection->execute('SELECT *\nFROM `...')
#2 C:\xampp\htdocs\landing.ticketbooking\system\Database\BaseConnection.php(620): CodeIgniter\Database\BaseConnection->simpleQuery('SELECT *\nFROM `...')
#3 C:\xampp\htdocs\landing.ticketbooking\system\Database\BaseBuilder.php(1585): CodeIgniter\Database\BaseConnection->query('SELECT *\nFROM `...', Array, false)
#4 C:\xampp\htdocs\landing.ticketbooking\app\Models\PromptpayRefillModel.php(73): CodeIgniter\Database\BaseBuilder->get()
#5 C:\xampp\htdocs\landing.ticketbooking\app\Controllers\Deposit.php(123): App\Models\PromptpayRefillModel->getPromptpayRefillByMemberIDAndStatus('294152801598284...', '\xE0\xB8\xA3\xE0\xB8\xAD')
#6 C:\xampp\htdocs\landing.ticketbooking\app\Controllers\Deposit.php(34): App\Controllers\Deposit->getPromptPayQRByMemberID('294152801598284...')
#7 C:\xampp\htdocs\landing.ticketbooking\system\CodeIgniter.php(907): App\Controllers\Deposit->generatePromptPayQR()
#8 C:\xampp\htdocs\landing.ticketbooking\system\CodeIgniter.php(457): CodeIgniter\CodeIgniter->runController(Object(App\Controllers\Deposit))
#9 C:\xampp\htdocs\landing.ticketbooking\system\CodeIgniter.php(340): CodeIgniter\CodeIgniter->handleRequest(NULL, Object(Config\Cache), false)
#10 C:\xampp\htdocs\landing.ticketbooking\public\index.php(67): CodeIgniter\CodeIgniter->run()
#11 C:\xampp\htdocs\landing.ticketbooking\system\Commands\Server\rewrite.php(43): require_once('C:\\xampp\\htdocs...')
#12 {main}
ERROR - 2022-12-21 01:48:31 --> mysqli_sql_exception: Table 'ticketbooking.promptpay_refills' doesn't exist in C:\xampp\htdocs\landing.ticketbooking\system\Database\MySQLi\Connection.php:292
Stack trace:
#0 C:\xampp\htdocs\landing.ticketbooking\system\Database\MySQLi\Connection.php(292): mysqli->query('SELECT *\nFROM `...', 0)
#1 C:\xampp\htdocs\landing.ticketbooking\system\Database\BaseConnection.php(693): CodeIgniter\Database\MySQLi\Connection->execute('SELECT *\nFROM `...')
#2 C:\xampp\htdocs\landing.ticketbooking\system\Database\BaseConnection.php(620): CodeIgniter\Database\BaseConnection->simpleQuery('SELECT *\nFROM `...')
#3 C:\xampp\htdocs\landing.ticketbooking\system\Database\BaseBuilder.php(1585): CodeIgniter\Database\BaseConnection->query('SELECT *\nFROM `...', Array, false)
#4 C:\xampp\htdocs\landing.ticketbooking\app\Models\PromptpayRefillModel.php(73): CodeIgniter\Database\BaseBuilder->get()
#5 C:\xampp\htdocs\landing.ticketbooking\app\Controllers\Deposit.php(123): App\Models\PromptpayRefillModel->getPromptpayRefillByMemberIDAndStatus('294152801598284...', '\xE0\xB8\xA3\xE0\xB8\xAD')
#6 C:\xampp\htdocs\landing.ticketbooking\app\Controllers\Deposit.php(34): App\Controllers\Deposit->getPromptPayQRByMemberID('294152801598284...')
#7 C:\xampp\htdocs\landing.ticketbooking\system\CodeIgniter.php(907): App\Controllers\Deposit->generatePromptPayQR()
#8 C:\xampp\htdocs\landing.ticketbooking\system\CodeIgniter.php(457): CodeIgniter\CodeIgniter->runController(Object(App\Controllers\Deposit))
#9 C:\xampp\htdocs\landing.ticketbooking\system\CodeIgniter.php(340): CodeIgniter\CodeIgniter->handleRequest(NULL, Object(Config\Cache), false)
#10 C:\xampp\htdocs\landing.ticketbooking\public\index.php(67): CodeIgniter\CodeIgniter->run()
#11 C:\xampp\htdocs\landing.ticketbooking\system\Commands\Server\rewrite.php(43): require_once('C:\\xampp\\htdocs...')
#12 {main}
ERROR - 2022-12-21 01:48:35 --> mysqli_sql_exception: Table 'ticketbooking.promptpay_refills' doesn't exist in C:\xampp\htdocs\landing.ticketbooking\system\Database\MySQLi\Connection.php:292
Stack trace:
#0 C:\xampp\htdocs\landing.ticketbooking\system\Database\MySQLi\Connection.php(292): mysqli->query('SELECT *\nFROM `...', 0)
#1 C:\xampp\htdocs\landing.ticketbooking\system\Database\BaseConnection.php(693): CodeIgniter\Database\MySQLi\Connection->execute('SELECT *\nFROM `...')
#2 C:\xampp\htdocs\landing.ticketbooking\system\Database\BaseConnection.php(620): CodeIgniter\Database\BaseConnection->simpleQuery('SELECT *\nFROM `...')
#3 C:\xampp\htdocs\landing.ticketbooking\system\Database\BaseBuilder.php(1585): CodeIgniter\Database\BaseConnection->query('SELECT *\nFROM `...', Array, false)
#4 C:\xampp\htdocs\landing.ticketbooking\app\Models\PromptpayRefillModel.php(73): CodeIgniter\Database\BaseBuilder->get()
#5 C:\xampp\htdocs\landing.ticketbooking\app\Controllers\Deposit.php(123): App\Models\PromptpayRefillModel->getPromptpayRefillByMemberIDAndStatus('294152801598284...', '\xE0\xB8\xA3\xE0\xB8\xAD')
#6 C:\xampp\htdocs\landing.ticketbooking\app\Controllers\Deposit.php(34): App\Controllers\Deposit->getPromptPayQRByMemberID('294152801598284...')
#7 C:\xampp\htdocs\landing.ticketbooking\system\CodeIgniter.php(907): App\Controllers\Deposit->generatePromptPayQR()
#8 C:\xampp\htdocs\landing.ticketbooking\system\CodeIgniter.php(457): CodeIgniter\CodeIgniter->runController(Object(App\Controllers\Deposit))
#9 C:\xampp\htdocs\landing.ticketbooking\system\CodeIgniter.php(340): CodeIgniter\CodeIgniter->handleRequest(NULL, Object(Config\Cache), false)
#10 C:\xampp\htdocs\landing.ticketbooking\public\index.php(67): CodeIgniter\CodeIgniter->run()
#11 C:\xampp\htdocs\landing.ticketbooking\system\Commands\Server\rewrite.php(43): require_once('C:\\xampp\\htdocs...')
#12 {main}
ERROR - 2022-12-21 01:48:48 --> mysqli_sql_exception: Table 'ticketbooking.promptpay_refills' doesn't exist in C:\xampp\htdocs\landing.ticketbooking\system\Database\MySQLi\Connection.php:292
Stack trace:
#0 C:\xampp\htdocs\landing.ticketbooking\system\Database\MySQLi\Connection.php(292): mysqli->query('SELECT *\nFROM `...', 0)
#1 C:\xampp\htdocs\landing.ticketbooking\system\Database\BaseConnection.php(693): CodeIgniter\Database\MySQLi\Connection->execute('SELECT *\nFROM `...')
#2 C:\xampp\htdocs\landing.ticketbooking\system\Database\BaseConnection.php(620): CodeIgniter\Database\BaseConnection->simpleQuery('SELECT *\nFROM `...')
#3 C:\xampp\htdocs\landing.ticketbooking\system\Database\BaseBuilder.php(1585): CodeIgniter\Database\BaseConnection->query('SELECT *\nFROM `...', Array, false)
#4 C:\xampp\htdocs\landing.ticketbooking\app\Models\PromptpayRefillModel.php(73): CodeIgniter\Database\BaseBuilder->get()
#5 C:\xampp\htdocs\landing.ticketbooking\app\Controllers\Deposit.php(123): App\Models\PromptpayRefillModel->getPromptpayRefillByMemberIDAndStatus('294152801598284...', '\xE0\xB8\xA3\xE0\xB8\xAD')
#6 C:\xampp\htdocs\landing.ticketbooking\app\Controllers\Deposit.php(34): App\Controllers\Deposit->getPromptPayQRByMemberID('294152801598284...')
#7 C:\xampp\htdocs\landing.ticketbooking\system\CodeIgniter.php(907): App\Controllers\Deposit->generatePromptPayQR()
#8 C:\xampp\htdocs\landing.ticketbooking\system\CodeIgniter.php(457): CodeIgniter\CodeIgniter->runController(Object(App\Controllers\Deposit))
#9 C:\xampp\htdocs\landing.ticketbooking\system\CodeIgniter.php(340): CodeIgniter\CodeIgniter->handleRequest(NULL, Object(Config\Cache), false)
#10 C:\xampp\htdocs\landing.ticketbooking\public\index.php(67): CodeIgniter\CodeIgniter->run()
#11 C:\xampp\htdocs\landing.ticketbooking\system\Commands\Server\rewrite.php(43): require_once('C:\\xampp\\htdocs...')
#12 {main}
ERROR - 2022-12-21 01:48:52 --> mysqli_sql_exception: Table 'ticketbooking.promptpay_refills' doesn't exist in C:\xampp\htdocs\landing.ticketbooking\system\Database\MySQLi\Connection.php:292
Stack trace:
#0 C:\xampp\htdocs\landing.ticketbooking\system\Database\MySQLi\Connection.php(292): mysqli->query('SELECT *\nFROM `...', 0)
#1 C:\xampp\htdocs\landing.ticketbooking\system\Database\BaseConnection.php(693): CodeIgniter\Database\MySQLi\Connection->execute('SELECT *\nFROM `...')
#2 C:\xampp\htdocs\landing.ticketbooking\system\Database\BaseConnection.php(620): CodeIgniter\Database\BaseConnection->simpleQuery('SELECT *\nFROM `...')
#3 C:\xampp\htdocs\landing.ticketbooking\system\Database\BaseBuilder.php(1585): CodeIgniter\Database\BaseConnection->query('SELECT *\nFROM `...', Array, false)
#4 C:\xampp\htdocs\landing.ticketbooking\app\Models\PromptpayRefillModel.php(73): CodeIgniter\Database\BaseBuilder->get()
#5 C:\xampp\htdocs\landing.ticketbooking\app\Controllers\Deposit.php(123): App\Models\PromptpayRefillModel->getPromptpayRefillByMemberIDAndStatus('294152801598284...', '\xE0\xB8\xA3\xE0\xB8\xAD')
#6 C:\xampp\htdocs\landing.ticketbooking\app\Controllers\Deposit.php(34): App\Controllers\Deposit->getPromptPayQRByMemberID('294152801598284...')
#7 C:\xampp\htdocs\landing.ticketbooking\system\CodeIgniter.php(907): App\Controllers\Deposit->generatePromptPayQR()
#8 C:\xampp\htdocs\landing.ticketbooking\system\CodeIgniter.php(457): CodeIgniter\CodeIgniter->runController(Object(App\Controllers\Deposit))
#9 C:\xampp\htdocs\landing.ticketbooking\system\CodeIgniter.php(340): CodeIgniter\CodeIgniter->handleRequest(NULL, Object(Config\Cache), false)
#10 C:\xampp\htdocs\landing.ticketbooking\public\index.php(67): CodeIgniter\CodeIgniter->run()
#11 C:\xampp\htdocs\landing.ticketbooking\system\Commands\Server\rewrite.php(43): require_once('C:\\xampp\\htdocs...')
#12 {main}
ERROR - 2022-12-21 01:48:59 --> mysqli_sql_exception: Table 'ticketbooking.promptpay_refills' doesn't exist in C:\xampp\htdocs\landing.ticketbooking\system\Database\MySQLi\Connection.php:292
Stack trace:
#0 C:\xampp\htdocs\landing.ticketbooking\system\Database\MySQLi\Connection.php(292): mysqli->query('SELECT *\nFROM `...', 0)
#1 C:\xampp\htdocs\landing.ticketbooking\system\Database\BaseConnection.php(693): CodeIgniter\Database\MySQLi\Connection->execute('SELECT *\nFROM `...')
#2 C:\xampp\htdocs\landing.ticketbooking\system\Database\BaseConnection.php(620): CodeIgniter\Database\BaseConnection->simpleQuery('SELECT *\nFROM `...')
#3 C:\xampp\htdocs\landing.ticketbooking\system\Database\BaseBuilder.php(1585): CodeIgniter\Database\BaseConnection->query('SELECT *\nFROM `...', Array, false)
#4 C:\xampp\htdocs\landing.ticketbooking\app\Models\PromptpayRefillModel.php(73): CodeIgniter\Database\BaseBuilder->get()
#5 C:\xampp\htdocs\landing.ticketbooking\app\Controllers\Deposit.php(123): App\Models\PromptpayRefillModel->getPromptpayRefillByMemberIDAndStatus('294152801598284...', '\xE0\xB8\xA3\xE0\xB8\xAD')
#6 C:\xampp\htdocs\landing.ticketbooking\app\Controllers\Deposit.php(34): App\Controllers\Deposit->getPromptPayQRByMemberID('294152801598284...')
#7 C:\xampp\htdocs\landing.ticketbooking\system\CodeIgniter.php(907): App\Controllers\Deposit->generatePromptPayQR()
#8 C:\xampp\htdocs\landing.ticketbooking\system\CodeIgniter.php(457): CodeIgniter\CodeIgniter->runController(Object(App\Controllers\Deposit))
#9 C:\xampp\htdocs\landing.ticketbooking\system\CodeIgniter.php(340): CodeIgniter\CodeIgniter->handleRequest(NULL, Object(Config\Cache), false)
#10 C:\xampp\htdocs\landing.ticketbooking\public\index.php(67): CodeIgniter\CodeIgniter->run()
#11 C:\xampp\htdocs\landing.ticketbooking\system\Commands\Server\rewrite.php(43): require_once('C:\\xampp\\htdocs...')
#12 {main}
ERROR - 2022-12-21 01:49:10 --> mysqli_sql_exception: Table 'ticketbooking.promptpay_refills' doesn't exist in C:\xampp\htdocs\landing.ticketbooking\system\Database\MySQLi\Connection.php:292
Stack trace:
#0 C:\xampp\htdocs\landing.ticketbooking\system\Database\MySQLi\Connection.php(292): mysqli->query('SELECT *\nFROM `...', 0)
#1 C:\xampp\htdocs\landing.ticketbooking\system\Database\BaseConnection.php(693): CodeIgniter\Database\MySQLi\Connection->execute('SELECT *\nFROM `...')
#2 C:\xampp\htdocs\landing.ticketbooking\system\Database\BaseConnection.php(620): CodeIgniter\Database\BaseConnection->simpleQuery('SELECT *\nFROM `...')
#3 C:\xampp\htdocs\landing.ticketbooking\system\Database\BaseBuilder.php(1585): CodeIgniter\Database\BaseConnection->query('SELECT *\nFROM `...', Array, false)
#4 C:\xampp\htdocs\landing.ticketbooking\app\Models\PromptpayRefillModel.php(73): CodeIgniter\Database\BaseBuilder->get()
#5 C:\xampp\htdocs\landing.ticketbooking\app\Controllers\Deposit.php(123): App\Models\PromptpayRefillModel->getPromptpayRefillByMemberIDAndStatus('294152801598284...', '\xE0\xB8\xA3\xE0\xB8\xAD')
#6 C:\xampp\htdocs\landing.ticketbooking\app\Controllers\Deposit.php(34): App\Controllers\Deposit->getPromptPayQRByMemberID('294152801598284...')
#7 C:\xampp\htdocs\landing.ticketbooking\system\CodeIgniter.php(907): App\Controllers\Deposit->generatePromptPayQR()
#8 C:\xampp\htdocs\landing.ticketbooking\system\CodeIgniter.php(457): CodeIgniter\CodeIgniter->runController(Object(App\Controllers\Deposit))
#9 C:\xampp\htdocs\landing.ticketbooking\system\CodeIgniter.php(340): CodeIgniter\CodeIgniter->handleRequest(NULL, Object(Config\Cache), false)
#10 C:\xampp\htdocs\landing.ticketbooking\public\index.php(67): CodeIgniter\CodeIgniter->run()
#11 C:\xampp\htdocs\landing.ticketbooking\system\Commands\Server\rewrite.php(43): require_once('C:\\xampp\\htdocs...')
#12 {main}
ERROR - 2022-12-21 01:59:23 --> mysqli_sql_exception: Table 'ticketbooking.promptpay_refills' doesn't exist in C:\xampp\htdocs\landing.ticketbooking\system\Database\MySQLi\Connection.php:292
Stack trace:
#0 C:\xampp\htdocs\landing.ticketbooking\system\Database\MySQLi\Connection.php(292): mysqli->query('SELECT *\nFROM `...', 0)
#1 C:\xampp\htdocs\landing.ticketbooking\system\Database\BaseConnection.php(693): CodeIgniter\Database\MySQLi\Connection->execute('SELECT *\nFROM `...')
#2 C:\xampp\htdocs\landing.ticketbooking\system\Database\BaseConnection.php(620): CodeIgniter\Database\BaseConnection->simpleQuery('SELECT *\nFROM `...')
#3 C:\xampp\htdocs\landing.ticketbooking\system\Database\BaseBuilder.php(1585): CodeIgniter\Database\BaseConnection->query('SELECT *\nFROM `...', Array, false)
#4 C:\xampp\htdocs\landing.ticketbooking\app\Models\PromptpayRefillModel.php(73): CodeIgniter\Database\BaseBuilder->get()
#5 C:\xampp\htdocs\landing.ticketbooking\app\Controllers\Deposit.php(123): App\Models\PromptpayRefillModel->getPromptpayRefillByMemberIDAndStatus('294152801598284...', '\xE0\xB8\xA3\xE0\xB8\xAD')
#6 C:\xampp\htdocs\landing.ticketbooking\app\Controllers\Deposit.php(34): App\Controllers\Deposit->getPromptPayQRByMemberID('294152801598284...')
#7 C:\xampp\htdocs\landing.ticketbooking\system\CodeIgniter.php(907): App\Controllers\Deposit->generatePromptPayQR()
#8 C:\xampp\htdocs\landing.ticketbooking\system\CodeIgniter.php(457): CodeIgniter\CodeIgniter->runController(Object(App\Controllers\Deposit))
#9 C:\xampp\htdocs\landing.ticketbooking\system\CodeIgniter.php(340): CodeIgniter\CodeIgniter->handleRequest(NULL, Object(Config\Cache), false)
#10 C:\xampp\htdocs\landing.ticketbooking\public\index.php(67): CodeIgniter\CodeIgniter->run()
#11 C:\xampp\htdocs\landing.ticketbooking\system\Commands\Server\rewrite.php(43): require_once('C:\\xampp\\htdocs...')
#12 {main}
ERROR - 2022-12-21 01:59:29 --> mysqli_sql_exception: Table 'ticketbooking.promptpay_refills' doesn't exist in C:\xampp\htdocs\landing.ticketbooking\system\Database\MySQLi\Connection.php:292
Stack trace:
#0 C:\xampp\htdocs\landing.ticketbooking\system\Database\MySQLi\Connection.php(292): mysqli->query('SELECT *\nFROM `...', 0)
#1 C:\xampp\htdocs\landing.ticketbooking\system\Database\BaseConnection.php(693): CodeIgniter\Database\MySQLi\Connection->execute('SELECT *\nFROM `...')
#2 C:\xampp\htdocs\landing.ticketbooking\system\Database\BaseConnection.php(620): CodeIgniter\Database\BaseConnection->simpleQuery('SELECT *\nFROM `...')
#3 C:\xampp\htdocs\landing.ticketbooking\system\Database\BaseBuilder.php(1585): CodeIgniter\Database\BaseConnection->query('SELECT *\nFROM `...', Array, false)
#4 C:\xampp\htdocs\landing.ticketbooking\app\Models\PromptpayRefillModel.php(73): CodeIgniter\Database\BaseBuilder->get()
#5 C:\xampp\htdocs\landing.ticketbooking\app\Controllers\Deposit.php(123): App\Models\PromptpayRefillModel->getPromptpayRefillByMemberIDAndStatus('294152801598284...', '\xE0\xB8\xA3\xE0\xB8\xAD')
#6 C:\xampp\htdocs\landing.ticketbooking\app\Controllers\Deposit.php(34): App\Controllers\Deposit->getPromptPayQRByMemberID('294152801598284...')
#7 C:\xampp\htdocs\landing.ticketbooking\system\CodeIgniter.php(907): App\Controllers\Deposit->generatePromptPayQR()
#8 C:\xampp\htdocs\landing.ticketbooking\system\CodeIgniter.php(457): CodeIgniter\CodeIgniter->runController(Object(App\Controllers\Deposit))
#9 C:\xampp\htdocs\landing.ticketbooking\system\CodeIgniter.php(340): CodeIgniter\CodeIgniter->handleRequest(NULL, Object(Config\Cache), false)
#10 C:\xampp\htdocs\landing.ticketbooking\public\index.php(67): CodeIgniter\CodeIgniter->run()
#11 C:\xampp\htdocs\landing.ticketbooking\system\Commands\Server\rewrite.php(43): require_once('C:\\xampp\\htdocs...')
#12 {main}
ERROR - 2022-12-21 01:59:59 --> mysqli_sql_exception: Table 'ticketbooking.promptpay_refills' doesn't exist in C:\xampp\htdocs\landing.ticketbooking\system\Database\MySQLi\Connection.php:292
Stack trace:
#0 C:\xampp\htdocs\landing.ticketbooking\system\Database\MySQLi\Connection.php(292): mysqli->query('SELECT *\nFROM `...', 0)
#1 C:\xampp\htdocs\landing.ticketbooking\system\Database\BaseConnection.php(693): CodeIgniter\Database\MySQLi\Connection->execute('SELECT *\nFROM `...')
#2 C:\xampp\htdocs\landing.ticketbooking\system\Database\BaseConnection.php(620): CodeIgniter\Database\BaseConnection->simpleQuery('SELECT *\nFROM `...')
#3 C:\xampp\htdocs\landing.ticketbooking\system\Database\BaseBuilder.php(1585): CodeIgniter\Database\BaseConnection->query('SELECT *\nFROM `...', Array, false)
#4 C:\xampp\htdocs\landing.ticketbooking\app\Models\PromptpayRefillModel.php(73): CodeIgniter\Database\BaseBuilder->get()
#5 C:\xampp\htdocs\landing.ticketbooking\app\Controllers\Deposit.php(123): App\Models\PromptpayRefillModel->getPromptpayRefillByMemberIDAndStatus('294152801598284...', '\xE0\xB8\xA3\xE0\xB8\xAD')
#6 C:\xampp\htdocs\landing.ticketbooking\app\Controllers\Deposit.php(34): App\Controllers\Deposit->getPromptPayQRByMemberID('294152801598284...')
#7 C:\xampp\htdocs\landing.ticketbooking\system\CodeIgniter.php(907): App\Controllers\Deposit->generatePromptPayQR()
#8 C:\xampp\htdocs\landing.ticketbooking\system\CodeIgniter.php(457): CodeIgniter\CodeIgniter->runController(Object(App\Controllers\Deposit))
#9 C:\xampp\htdocs\landing.ticketbooking\system\CodeIgniter.php(340): CodeIgniter\CodeIgniter->handleRequest(NULL, Object(Config\Cache), false)
#10 C:\xampp\htdocs\landing.ticketbooking\public\index.php(67): CodeIgniter\CodeIgniter->run()
#11 C:\xampp\htdocs\landing.ticketbooking\system\Commands\Server\rewrite.php(43): require_once('C:\\xampp\\htdocs...')
#12 {main}
ERROR - 2022-12-21 03:03:43 --> mysqli_sql_exception: Table 'ticketbooking.promptpay_refills' doesn't exist in C:\xampp\htdocs\landing.ticketbooking\system\Database\MySQLi\Connection.php:292
Stack trace:
#0 C:\xampp\htdocs\landing.ticketbooking\system\Database\MySQLi\Connection.php(292): mysqli->query('SELECT *\nFROM `...', 0)
#1 C:\xampp\htdocs\landing.ticketbooking\system\Database\BaseConnection.php(693): CodeIgniter\Database\MySQLi\Connection->execute('SELECT *\nFROM `...')
#2 C:\xampp\htdocs\landing.ticketbooking\system\Database\BaseConnection.php(620): CodeIgniter\Database\BaseConnection->simpleQuery('SELECT *\nFROM `...')
#3 C:\xampp\htdocs\landing.ticketbooking\system\Database\BaseBuilder.php(1585): CodeIgniter\Database\BaseConnection->query('SELECT *\nFROM `...', Array, false)
#4 C:\xampp\htdocs\landing.ticketbooking\app\Models\PromptpayRefillModel.php(73): CodeIgniter\Database\BaseBuilder->get()
#5 C:\xampp\htdocs\landing.ticketbooking\app\Controllers\Deposit.php(123): App\Models\PromptpayRefillModel->getPromptpayRefillByMemberIDAndStatus('294152801598284...', '\xE0\xB8\xA3\xE0\xB8\xAD')
#6 C:\xampp\htdocs\landing.ticketbooking\app\Controllers\Deposit.php(34): App\Controllers\Deposit->getPromptPayQRByMemberID('294152801598284...')
#7 C:\xampp\htdocs\landing.ticketbooking\system\CodeIgniter.php(907): App\Controllers\Deposit->generatePromptPayQR()
#8 C:\xampp\htdocs\landing.ticketbooking\system\CodeIgniter.php(457): CodeIgniter\CodeIgniter->runController(Object(App\Controllers\Deposit))
#9 C:\xampp\htdocs\landing.ticketbooking\system\CodeIgniter.php(340): CodeIgniter\CodeIgniter->handleRequest(NULL, Object(Config\Cache), false)
#10 C:\xampp\htdocs\landing.ticketbooking\public\index.php(67): CodeIgniter\CodeIgniter->run()
#11 C:\xampp\htdocs\landing.ticketbooking\system\Commands\Server\rewrite.php(43): require_once('C:\\xampp\\htdocs...')
#12 {main}
ERROR - 2022-12-21 03:32:44 --> mysqli_sql_exception: Table 'ticketbooking.promptpay_refills' doesn't exist in C:\xampp\htdocs\landing.ticketbooking\system\Database\MySQLi\Connection.php:292
Stack trace:
#0 C:\xampp\htdocs\landing.ticketbooking\system\Database\MySQLi\Connection.php(292): mysqli->query('SELECT *\nFROM `...', 0)
#1 C:\xampp\htdocs\landing.ticketbooking\system\Database\BaseConnection.php(693): CodeIgniter\Database\MySQLi\Connection->execute('SELECT *\nFROM `...')
#2 C:\xampp\htdocs\landing.ticketbooking\system\Database\BaseConnection.php(620): CodeIgniter\Database\BaseConnection->simpleQuery('SELECT *\nFROM `...')
#3 C:\xampp\htdocs\landing.ticketbooking\system\Database\BaseBuilder.php(1585): CodeIgniter\Database\BaseConnection->query('SELECT *\nFROM `...', Array, false)
#4 C:\xampp\htdocs\landing.ticketbooking\app\Models\PromptpayRefillModel.php(73): CodeIgniter\Database\BaseBuilder->get()
#5 C:\xampp\htdocs\landing.ticketbooking\app\Controllers\Deposit.php(123): App\Models\PromptpayRefillModel->getPromptpayRefillByMemberIDAndStatus('294152801598284...', '\xE0\xB8\xA3\xE0\xB8\xAD')
#6 C:\xampp\htdocs\landing.ticketbooking\app\Controllers\Deposit.php(34): App\Controllers\Deposit->getPromptPayQRByMemberID('294152801598284...')
#7 C:\xampp\htdocs\landing.ticketbooking\system\CodeIgniter.php(907): App\Controllers\Deposit->generatePromptPayQR()
#8 C:\xampp\htdocs\landing.ticketbooking\system\CodeIgniter.php(457): CodeIgniter\CodeIgniter->runController(Object(App\Controllers\Deposit))
#9 C:\xampp\htdocs\landing.ticketbooking\system\CodeIgniter.php(340): CodeIgniter\CodeIgniter->handleRequest(NULL, Object(Config\Cache), false)
#10 C:\xampp\htdocs\landing.ticketbooking\public\index.php(67): CodeIgniter\CodeIgniter->run()
#11 C:\xampp\htdocs\landing.ticketbooking\system\Commands\Server\rewrite.php(43): require_once('C:\\xampp\\htdocs...')
#12 {main}
ERROR - 2022-12-21 03:32:49 --> mysqli_sql_exception: Table 'ticketbooking.promptpay_refills' doesn't exist in C:\xampp\htdocs\landing.ticketbooking\system\Database\MySQLi\Connection.php:292
Stack trace:
#0 C:\xampp\htdocs\landing.ticketbooking\system\Database\MySQLi\Connection.php(292): mysqli->query('SELECT *\nFROM `...', 0)
#1 C:\xampp\htdocs\landing.ticketbooking\system\Database\BaseConnection.php(693): CodeIgniter\Database\MySQLi\Connection->execute('SELECT *\nFROM `...')
#2 C:\xampp\htdocs\landing.ticketbooking\system\Database\BaseConnection.php(620): CodeIgniter\Database\BaseConnection->simpleQuery('SELECT *\nFROM `...')
#3 C:\xampp\htdocs\landing.ticketbooking\system\Database\BaseBuilder.php(1585): CodeIgniter\Database\BaseConnection->query('SELECT *\nFROM `...', Array, false)
#4 C:\xampp\htdocs\landing.ticketbooking\app\Models\PromptpayRefillModel.php(73): CodeIgniter\Database\BaseBuilder->get()
#5 C:\xampp\htdocs\landing.ticketbooking\app\Controllers\Deposit.php(123): App\Models\PromptpayRefillModel->getPromptpayRefillByMemberIDAndStatus('294152801598284...', '\xE0\xB8\xA3\xE0\xB8\xAD')
#6 C:\xampp\htdocs\landing.ticketbooking\app\Controllers\Deposit.php(34): App\Controllers\Deposit->getPromptPayQRByMemberID('294152801598284...')
#7 C:\xampp\htdocs\landing.ticketbooking\system\CodeIgniter.php(907): App\Controllers\Deposit->generatePromptPayQR()
#8 C:\xampp\htdocs\landing.ticketbooking\system\CodeIgniter.php(457): CodeIgniter\CodeIgniter->runController(Object(App\Controllers\Deposit))
#9 C:\xampp\htdocs\landing.ticketbooking\system\CodeIgniter.php(340): CodeIgniter\CodeIgniter->handleRequest(NULL, Object(Config\Cache), false)
#10 C:\xampp\htdocs\landing.ticketbooking\public\index.php(67): CodeIgniter\CodeIgniter->run()
#11 C:\xampp\htdocs\landing.ticketbooking\system\Commands\Server\rewrite.php(43): require_once('C:\\xampp\\htdocs...')
#12 {main}
ERROR - 2022-12-21 03:33:17 --> mysqli_sql_exception: Table 'ticketbooking.promptpay_refills' doesn't exist in C:\xampp\htdocs\landing.ticketbooking\system\Database\MySQLi\Connection.php:292
Stack trace:
#0 C:\xampp\htdocs\landing.ticketbooking\system\Database\MySQLi\Connection.php(292): mysqli->query('SELECT *\nFROM `...', 0)
#1 C:\xampp\htdocs\landing.ticketbooking\system\Database\BaseConnection.php(693): CodeIgniter\Database\MySQLi\Connection->execute('SELECT *\nFROM `...')
#2 C:\xampp\htdocs\landing.ticketbooking\system\Database\BaseConnection.php(620): CodeIgniter\Database\BaseConnection->simpleQuery('SELECT *\nFROM `...')
#3 C:\xampp\htdocs\landing.ticketbooking\system\Database\BaseBuilder.php(1585): CodeIgniter\Database\BaseConnection->query('SELECT *\nFROM `...', Array, false)
#4 C:\xampp\htdocs\landing.ticketbooking\app\Models\PromptpayRefillModel.php(73): CodeIgniter\Database\BaseBuilder->get()
#5 C:\xampp\htdocs\landing.ticketbooking\app\Controllers\Deposit.php(123): App\Models\PromptpayRefillModel->getPromptpayRefillByMemberIDAndStatus('294152801598284...', '\xE0\xB8\xA3\xE0\xB8\xAD')
#6 C:\xampp\htdocs\landing.ticketbooking\app\Controllers\Deposit.php(34): App\Controllers\Deposit->getPromptPayQRByMemberID('294152801598284...')
#7 C:\xampp\htdocs\landing.ticketbooking\system\CodeIgniter.php(907): App\Controllers\Deposit->generatePromptPayQR()
#8 C:\xampp\htdocs\landing.ticketbooking\system\CodeIgniter.php(457): CodeIgniter\CodeIgniter->runController(Object(App\Controllers\Deposit))
#9 C:\xampp\htdocs\landing.ticketbooking\system\CodeIgniter.php(340): CodeIgniter\CodeIgniter->handleRequest(NULL, Object(Config\Cache), false)
#10 C:\xampp\htdocs\landing.ticketbooking\public\index.php(67): CodeIgniter\CodeIgniter->run()
#11 C:\xampp\htdocs\landing.ticketbooking\system\Commands\Server\rewrite.php(43): require_once('C:\\xampp\\htdocs...')
#12 {main}
ERROR - 2022-12-21 03:33:31 --> mysqli_sql_exception: Table 'ticketbooking.promptpay_refills' doesn't exist in C:\xampp\htdocs\landing.ticketbooking\system\Database\MySQLi\Connection.php:292
Stack trace:
#0 C:\xampp\htdocs\landing.ticketbooking\system\Database\MySQLi\Connection.php(292): mysqli->query('SELECT *\nFROM `...', 0)
#1 C:\xampp\htdocs\landing.ticketbooking\system\Database\BaseConnection.php(693): CodeIgniter\Database\MySQLi\Connection->execute('SELECT *\nFROM `...')
#2 C:\xampp\htdocs\landing.ticketbooking\system\Database\BaseConnection.php(620): CodeIgniter\Database\BaseConnection->simpleQuery('SELECT *\nFROM `...')
#3 C:\xampp\htdocs\landing.ticketbooking\system\Database\BaseBuilder.php(1585): CodeIgniter\Database\BaseConnection->query('SELECT *\nFROM `...', Array, false)
#4 C:\xampp\htdocs\landing.ticketbooking\app\Models\PromptpayRefillModel.php(73): CodeIgniter\Database\BaseBuilder->get()
#5 C:\xampp\htdocs\landing.ticketbooking\app\Controllers\Deposit.php(123): App\Models\PromptpayRefillModel->getPromptpayRefillByMemberIDAndStatus('294152801598284...', '\xE0\xB8\xA3\xE0\xB8\xAD')
#6 C:\xampp\htdocs\landing.ticketbooking\app\Controllers\Deposit.php(34): App\Controllers\Deposit->getPromptPayQRByMemberID('294152801598284...')
#7 C:\xampp\htdocs\landing.ticketbooking\system\CodeIgniter.php(907): App\Controllers\Deposit->generatePromptPayQR()
#8 C:\xampp\htdocs\landing.ticketbooking\system\CodeIgniter.php(457): CodeIgniter\CodeIgniter->runController(Object(App\Controllers\Deposit))
#9 C:\xampp\htdocs\landing.ticketbooking\system\CodeIgniter.php(340): CodeIgniter\CodeIgniter->handleRequest(NULL, Object(Config\Cache), false)
#10 C:\xampp\htdocs\landing.ticketbooking\public\index.php(67): CodeIgniter\CodeIgniter->run()
#11 C:\xampp\htdocs\landing.ticketbooking\system\Commands\Server\rewrite.php(43): require_once('C:\\xampp\\htdocs...')
#12 {main}
ERROR - 2022-12-21 03:34:04 --> mysqli_sql_exception: Table 'ticketbooking.promptpay_refills' doesn't exist in C:\xampp\htdocs\landing.ticketbooking\system\Database\MySQLi\Connection.php:292
Stack trace:
#0 C:\xampp\htdocs\landing.ticketbooking\system\Database\MySQLi\Connection.php(292): mysqli->query('SELECT *\nFROM `...', 0)
#1 C:\xampp\htdocs\landing.ticketbooking\system\Database\BaseConnection.php(693): CodeIgniter\Database\MySQLi\Connection->execute('SELECT *\nFROM `...')
#2 C:\xampp\htdocs\landing.ticketbooking\system\Database\BaseConnection.php(620): CodeIgniter\Database\BaseConnection->simpleQuery('SELECT *\nFROM `...')
#3 C:\xampp\htdocs\landing.ticketbooking\system\Database\BaseBuilder.php(1585): CodeIgniter\Database\BaseConnection->query('SELECT *\nFROM `...', Array, false)
#4 C:\xampp\htdocs\landing.ticketbooking\app\Models\PromptpayRefillModel.php(73): CodeIgniter\Database\BaseBuilder->get()
#5 C:\xampp\htdocs\landing.ticketbooking\app\Controllers\Deposit.php(123): App\Models\PromptpayRefillModel->getPromptpayRefillByMemberIDAndStatus('294152801598284...', '\xE0\xB8\xA3\xE0\xB8\xAD')
#6 C:\xampp\htdocs\landing.ticketbooking\app\Controllers\Deposit.php(34): App\Controllers\Deposit->getPromptPayQRByMemberID('294152801598284...')
#7 C:\xampp\htdocs\landing.ticketbooking\system\CodeIgniter.php(907): App\Controllers\Deposit->generatePromptPayQR()
#8 C:\xampp\htdocs\landing.ticketbooking\system\CodeIgniter.php(457): CodeIgniter\CodeIgniter->runController(Object(App\Controllers\Deposit))
#9 C:\xampp\htdocs\landing.ticketbooking\system\CodeIgniter.php(340): CodeIgniter\CodeIgniter->handleRequest(NULL, Object(Config\Cache), false)
#10 C:\xampp\htdocs\landing.ticketbooking\public\index.php(67): CodeIgniter\CodeIgniter->run()
#11 C:\xampp\htdocs\landing.ticketbooking\system\Commands\Server\rewrite.php(43): require_once('C:\\xampp\\htdocs...')
#12 {main}
ERROR - 2022-12-21 03:34:44 --> mysqli_sql_exception: Table 'ticketbooking.promptpay_refills' doesn't exist in C:\xampp\htdocs\landing.ticketbooking\system\Database\MySQLi\Connection.php:292
Stack trace:
#0 C:\xampp\htdocs\landing.ticketbooking\system\Database\MySQLi\Connection.php(292): mysqli->query('SELECT *\nFROM `...', 0)
#1 C:\xampp\htdocs\landing.ticketbooking\system\Database\BaseConnection.php(693): CodeIgniter\Database\MySQLi\Connection->execute('SELECT *\nFROM `...')
#2 C:\xampp\htdocs\landing.ticketbooking\system\Database\BaseConnection.php(620): CodeIgniter\Database\BaseConnection->simpleQuery('SELECT *\nFROM `...')
#3 C:\xampp\htdocs\landing.ticketbooking\system\Database\BaseBuilder.php(1585): CodeIgniter\Database\BaseConnection->query('SELECT *\nFROM `...', Array, false)
#4 C:\xampp\htdocs\landing.ticketbooking\app\Models\PromptpayRefillModel.php(73): CodeIgniter\Database\BaseBuilder->get()
#5 C:\xampp\htdocs\landing.ticketbooking\app\Controllers\Deposit.php(123): App\Models\PromptpayRefillModel->getPromptpayRefillByMemberIDAndStatus('294152801598284...', '\xE0\xB8\xA3\xE0\xB8\xAD')
#6 C:\xampp\htdocs\landing.ticketbooking\app\Controllers\Deposit.php(34): App\Controllers\Deposit->getPromptPayQRByMemberID('294152801598284...')
#7 C:\xampp\htdocs\landing.ticketbooking\system\CodeIgniter.php(907): App\Controllers\Deposit->generatePromptPayQR()
#8 C:\xampp\htdocs\landing.ticketbooking\system\CodeIgniter.php(457): CodeIgniter\CodeIgniter->runController(Object(App\Controllers\Deposit))
#9 C:\xampp\htdocs\landing.ticketbooking\system\CodeIgniter.php(340): CodeIgniter\CodeIgniter->handleRequest(NULL, Object(Config\Cache), false)
#10 C:\xampp\htdocs\landing.ticketbooking\public\index.php(67): CodeIgniter\CodeIgniter->run()
#11 C:\xampp\htdocs\landing.ticketbooking\system\Commands\Server\rewrite.php(43): require_once('C:\\xampp\\htdocs...')
#12 {main}
ERROR - 2022-12-21 03:38:50 --> mysqli_sql_exception: Table 'ticketbooking.promptpay_refills' doesn't exist in C:\xampp\htdocs\landing.ticketbooking\system\Database\MySQLi\Connection.php:292
Stack trace:
#0 C:\xampp\htdocs\landing.ticketbooking\system\Database\MySQLi\Connection.php(292): mysqli->query('SELECT *\nFROM `...', 0)
#1 C:\xampp\htdocs\landing.ticketbooking\system\Database\BaseConnection.php(693): CodeIgniter\Database\MySQLi\Connection->execute('SELECT *\nFROM `...')
#2 C:\xampp\htdocs\landing.ticketbooking\system\Database\BaseConnection.php(620): CodeIgniter\Database\BaseConnection->simpleQuery('SELECT *\nFROM `...')
#3 C:\xampp\htdocs\landing.ticketbooking\system\Database\BaseBuilder.php(1585): CodeIgniter\Database\BaseConnection->query('SELECT *\nFROM `...', Array, false)
#4 C:\xampp\htdocs\landing.ticketbooking\app\Models\PromptpayRefillModel.php(73): CodeIgniter\Database\BaseBuilder->get()
#5 C:\xampp\htdocs\landing.ticketbooking\app\Controllers\Deposit.php(123): App\Models\PromptpayRefillModel->getPromptpayRefillByMemberIDAndStatus('294152801598284...', '\xE0\xB8\xA3\xE0\xB8\xAD')
#6 C:\xampp\htdocs\landing.ticketbooking\app\Controllers\Deposit.php(34): App\Controllers\Deposit->getPromptPayQRByMemberID('294152801598284...')
#7 C:\xampp\htdocs\landing.ticketbooking\system\CodeIgniter.php(907): App\Controllers\Deposit->generatePromptPayQR()
#8 C:\xampp\htdocs\landing.ticketbooking\system\CodeIgniter.php(457): CodeIgniter\CodeIgniter->runController(Object(App\Controllers\Deposit))
#9 C:\xampp\htdocs\landing.ticketbooking\system\CodeIgniter.php(340): CodeIgniter\CodeIgniter->handleRequest(NULL, Object(Config\Cache), false)
#10 C:\xampp\htdocs\landing.ticketbooking\public\index.php(67): CodeIgniter\CodeIgniter->run()
#11 C:\xampp\htdocs\landing.ticketbooking\system\Commands\Server\rewrite.php(43): require_once('C:\\xampp\\htdocs...')
#12 {main}
ERROR - 2022-12-21 03:39:54 --> mysqli_sql_exception: Table 'ticketbooking.promptpay_refills' doesn't exist in C:\xampp\htdocs\landing.ticketbooking\system\Database\MySQLi\Connection.php:292
Stack trace:
#0 C:\xampp\htdocs\landing.ticketbooking\system\Database\MySQLi\Connection.php(292): mysqli->query('SELECT *\nFROM `...', 0)
#1 C:\xampp\htdocs\landing.ticketbooking\system\Database\BaseConnection.php(693): CodeIgniter\Database\MySQLi\Connection->execute('SELECT *\nFROM `...')
#2 C:\xampp\htdocs\landing.ticketbooking\system\Database\BaseConnection.php(620): CodeIgniter\Database\BaseConnection->simpleQuery('SELECT *\nFROM `...')
#3 C:\xampp\htdocs\landing.ticketbooking\system\Database\BaseBuilder.php(1585): CodeIgniter\Database\BaseConnection->query('SELECT *\nFROM `...', Array, false)
#4 C:\xampp\htdocs\landing.ticketbooking\app\Models\PromptpayRefillModel.php(73): CodeIgniter\Database\BaseBuilder->get()
#5 C:\xampp\htdocs\landing.ticketbooking\app\Controllers\Deposit.php(123): App\Models\PromptpayRefillModel->getPromptpayRefillByMemberIDAndStatus('294152801598284...', '\xE0\xB8\xA3\xE0\xB8\xAD')
#6 C:\xampp\htdocs\landing.ticketbooking\app\Controllers\Deposit.php(34): App\Controllers\Deposit->getPromptPayQRByMemberID('294152801598284...')
#7 C:\xampp\htdocs\landing.ticketbooking\system\CodeIgniter.php(907): App\Controllers\Deposit->generatePromptPayQR()
#8 C:\xampp\htdocs\landing.ticketbooking\system\CodeIgniter.php(457): CodeIgniter\CodeIgniter->runController(Object(App\Controllers\Deposit))
#9 C:\xampp\htdocs\landing.ticketbooking\system\CodeIgniter.php(340): CodeIgniter\CodeIgniter->handleRequest(NULL, Object(Config\Cache), false)
#10 C:\xampp\htdocs\landing.ticketbooking\public\index.php(67): CodeIgniter\CodeIgniter->run()
#11 C:\xampp\htdocs\landing.ticketbooking\system\Commands\Server\rewrite.php(43): require_once('C:\\xampp\\htdocs...')
#12 {main}
ERROR - 2022-12-21 03:40:29 --> mysqli_sql_exception: Table 'ticketbooking.promptpay_refills' doesn't exist in C:\xampp\htdocs\landing.ticketbooking\system\Database\MySQLi\Connection.php:292
Stack trace:
#0 C:\xampp\htdocs\landing.ticketbooking\system\Database\MySQLi\Connection.php(292): mysqli->query('SELECT *\nFROM `...', 0)
#1 C:\xampp\htdocs\landing.ticketbooking\system\Database\BaseConnection.php(693): CodeIgniter\Database\MySQLi\Connection->execute('SELECT *\nFROM `...')
#2 C:\xampp\htdocs\landing.ticketbooking\system\Database\BaseConnection.php(620): CodeIgniter\Database\BaseConnection->simpleQuery('SELECT *\nFROM `...')
#3 C:\xampp\htdocs\landing.ticketbooking\system\Database\BaseBuilder.php(1585): CodeIgniter\Database\BaseConnection->query('SELECT *\nFROM `...', Array, false)
#4 C:\xampp\htdocs\landing.ticketbooking\app\Models\PromptpayRefillModel.php(73): CodeIgniter\Database\BaseBuilder->get()
#5 C:\xampp\htdocs\landing.ticketbooking\app\Controllers\Deposit.php(123): App\Models\PromptpayRefillModel->getPromptpayRefillByMemberIDAndStatus('294152801598284...', '\xE0\xB8\xA3\xE0\xB8\xAD')
#6 C:\xampp\htdocs\landing.ticketbooking\app\Controllers\Deposit.php(34): App\Controllers\Deposit->getPromptPayQRByMemberID('294152801598284...')
#7 C:\xampp\htdocs\landing.ticketbooking\system\CodeIgniter.php(907): App\Controllers\Deposit->generatePromptPayQR()
#8 C:\xampp\htdocs\landing.ticketbooking\system\CodeIgniter.php(457): CodeIgniter\CodeIgniter->runController(Object(App\Controllers\Deposit))
#9 C:\xampp\htdocs\landing.ticketbooking\system\CodeIgniter.php(340): CodeIgniter\CodeIgniter->handleRequest(NULL, Object(Config\Cache), false)
#10 C:\xampp\htdocs\landing.ticketbooking\public\index.php(67): CodeIgniter\CodeIgniter->run()
#11 C:\xampp\htdocs\landing.ticketbooking\system\Commands\Server\rewrite.php(43): require_once('C:\\xampp\\htdocs...')
#12 {main}
ERROR - 2022-12-21 03:41:05 --> mysqli_sql_exception: Table 'ticketbooking.promptpay_refills' doesn't exist in C:\xampp\htdocs\landing.ticketbooking\system\Database\MySQLi\Connection.php:292
Stack trace:
#0 C:\xampp\htdocs\landing.ticketbooking\system\Database\MySQLi\Connection.php(292): mysqli->query('SELECT *\nFROM `...', 0)
#1 C:\xampp\htdocs\landing.ticketbooking\system\Database\BaseConnection.php(693): CodeIgniter\Database\MySQLi\Connection->execute('SELECT *\nFROM `...')
#2 C:\xampp\htdocs\landing.ticketbooking\system\Database\BaseConnection.php(620): CodeIgniter\Database\BaseConnection->simpleQuery('SELECT *\nFROM `...')
#3 C:\xampp\htdocs\landing.ticketbooking\system\Database\BaseBuilder.php(1585): CodeIgniter\Database\BaseConnection->query('SELECT *\nFROM `...', Array, false)
#4 C:\xampp\htdocs\landing.ticketbooking\app\Models\PromptpayRefillModel.php(73): CodeIgniter\Database\BaseBuilder->get()
#5 C:\xampp\htdocs\landing.ticketbooking\app\Controllers\Deposit.php(123): App\Models\PromptpayRefillModel->getPromptpayRefillByMemberIDAndStatus('294152801598284...', '\xE0\xB8\xA3\xE0\xB8\xAD')
#6 C:\xampp\htdocs\landing.ticketbooking\app\Controllers\Deposit.php(34): App\Controllers\Deposit->getPromptPayQRByMemberID('294152801598284...')
#7 C:\xampp\htdocs\landing.ticketbooking\system\CodeIgniter.php(907): App\Controllers\Deposit->generatePromptPayQR()
#8 C:\xampp\htdocs\landing.ticketbooking\system\CodeIgniter.php(457): CodeIgniter\CodeIgniter->runController(Object(App\Controllers\Deposit))
#9 C:\xampp\htdocs\landing.ticketbooking\system\CodeIgniter.php(340): CodeIgniter\CodeIgniter->handleRequest(NULL, Object(Config\Cache), false)
#10 C:\xampp\htdocs\landing.ticketbooking\public\index.php(67): CodeIgniter\CodeIgniter->run()
#11 C:\xampp\htdocs\landing.ticketbooking\system\Commands\Server\rewrite.php(43): require_once('C:\\xampp\\htdocs...')
#12 {main}
ERROR - 2022-12-21 03:41:19 --> mysqli_sql_exception: Table 'ticketbooking.promptpay_refills' doesn't exist in C:\xampp\htdocs\landing.ticketbooking\system\Database\MySQLi\Connection.php:292
Stack trace:
#0 C:\xampp\htdocs\landing.ticketbooking\system\Database\MySQLi\Connection.php(292): mysqli->query('SELECT *\nFROM `...', 0)
#1 C:\xampp\htdocs\landing.ticketbooking\system\Database\BaseConnection.php(693): CodeIgniter\Database\MySQLi\Connection->execute('SELECT *\nFROM `...')
#2 C:\xampp\htdocs\landing.ticketbooking\system\Database\BaseConnection.php(620): CodeIgniter\Database\BaseConnection->simpleQuery('SELECT *\nFROM `...')
#3 C:\xampp\htdocs\landing.ticketbooking\system\Database\BaseBuilder.php(1585): CodeIgniter\Database\BaseConnection->query('SELECT *\nFROM `...', Array, false)
#4 C:\xampp\htdocs\landing.ticketbooking\app\Models\PromptpayRefillModel.php(73): CodeIgniter\Database\BaseBuilder->get()
#5 C:\xampp\htdocs\landing.ticketbooking\app\Controllers\Deposit.php(123): App\Models\PromptpayRefillModel->getPromptpayRefillByMemberIDAndStatus('294152801598284...', '\xE0\xB8\xA3\xE0\xB8\xAD')
#6 C:\xampp\htdocs\landing.ticketbooking\app\Controllers\Deposit.php(34): App\Controllers\Deposit->getPromptPayQRByMemberID('294152801598284...')
#7 C:\xampp\htdocs\landing.ticketbooking\system\CodeIgniter.php(907): App\Controllers\Deposit->generatePromptPayQR()
#8 C:\xampp\htdocs\landing.ticketbooking\system\CodeIgniter.php(457): CodeIgniter\CodeIgniter->runController(Object(App\Controllers\Deposit))
#9 C:\xampp\htdocs\landing.ticketbooking\system\CodeIgniter.php(340): CodeIgniter\CodeIgniter->handleRequest(NULL, Object(Config\Cache), false)
#10 C:\xampp\htdocs\landing.ticketbooking\public\index.php(67): CodeIgniter\CodeIgniter->run()
#11 C:\xampp\htdocs\landing.ticketbooking\system\Commands\Server\rewrite.php(43): require_once('C:\\xampp\\htdocs...')
#12 {main}
ERROR - 2022-12-21 03:41:28 --> mysqli_sql_exception: Table 'ticketbooking.promptpay_refills' doesn't exist in C:\xampp\htdocs\landing.ticketbooking\system\Database\MySQLi\Connection.php:292
Stack trace:
#0 C:\xampp\htdocs\landing.ticketbooking\system\Database\MySQLi\Connection.php(292): mysqli->query('SELECT *\nFROM `...', 0)
#1 C:\xampp\htdocs\landing.ticketbooking\system\Database\BaseConnection.php(693): CodeIgniter\Database\MySQLi\Connection->execute('SELECT *\nFROM `...')
#2 C:\xampp\htdocs\landing.ticketbooking\system\Database\BaseConnection.php(620): CodeIgniter\Database\BaseConnection->simpleQuery('SELECT *\nFROM `...')
#3 C:\xampp\htdocs\landing.ticketbooking\system\Database\BaseBuilder.php(1585): CodeIgniter\Database\BaseConnection->query('SELECT *\nFROM `...', Array, false)
#4 C:\xampp\htdocs\landing.ticketbooking\app\Models\PromptpayRefillModel.php(73): CodeIgniter\Database\BaseBuilder->get()
#5 C:\xampp\htdocs\landing.ticketbooking\app\Controllers\Deposit.php(123): App\Models\PromptpayRefillModel->getPromptpayRefillByMemberIDAndStatus('294152801598284...', '\xE0\xB8\xA3\xE0\xB8\xAD')
#6 C:\xampp\htdocs\landing.ticketbooking\app\Controllers\Deposit.php(34): App\Controllers\Deposit->getPromptPayQRByMemberID('294152801598284...')
#7 C:\xampp\htdocs\landing.ticketbooking\system\CodeIgniter.php(907): App\Controllers\Deposit->generatePromptPayQR()
#8 C:\xampp\htdocs\landing.ticketbooking\system\CodeIgniter.php(457): CodeIgniter\CodeIgniter->runController(Object(App\Controllers\Deposit))
#9 C:\xampp\htdocs\landing.ticketbooking\system\CodeIgniter.php(340): CodeIgniter\CodeIgniter->handleRequest(NULL, Object(Config\Cache), false)
#10 C:\xampp\htdocs\landing.ticketbooking\public\index.php(67): CodeIgniter\CodeIgniter->run()
#11 C:\xampp\htdocs\landing.ticketbooking\system\Commands\Server\rewrite.php(43): require_once('C:\\xampp\\htdocs...')
#12 {main}
ERROR - 2022-12-21 04:14:04 --> mysqli_sql_exception: Table 'ticketbooking.promptpay_refills' doesn't exist in C:\xampp\htdocs\landing.ticketbooking\system\Database\MySQLi\Connection.php:292
Stack trace:
#0 C:\xampp\htdocs\landing.ticketbooking\system\Database\MySQLi\Connection.php(292): mysqli->query('SELECT *\nFROM `...', 0)
#1 C:\xampp\htdocs\landing.ticketbooking\system\Database\BaseConnection.php(693): CodeIgniter\Database\MySQLi\Connection->execute('SELECT *\nFROM `...')
#2 C:\xampp\htdocs\landing.ticketbooking\system\Database\BaseConnection.php(620): CodeIgniter\Database\BaseConnection->simpleQuery('SELECT *\nFROM `...')
#3 C:\xampp\htdocs\landing.ticketbooking\system\Database\BaseBuilder.php(1585): CodeIgniter\Database\BaseConnection->query('SELECT *\nFROM `...', Array, false)
#4 C:\xampp\htdocs\landing.ticketbooking\app\Models\PromptpayRefillModel.php(73): CodeIgniter\Database\BaseBuilder->get()
#5 C:\xampp\htdocs\landing.ticketbooking\app\Controllers\Deposit.php(123): App\Models\PromptpayRefillModel->getPromptpayRefillByMemberIDAndStatus('294152801598284...', '\xE0\xB8\xA3\xE0\xB8\xAD')
#6 C:\xampp\htdocs\landing.ticketbooking\app\Controllers\Deposit.php(34): App\Controllers\Deposit->getPromptPayQRByMemberID('294152801598284...')
#7 C:\xampp\htdocs\landing.ticketbooking\system\CodeIgniter.php(907): App\Controllers\Deposit->generatePromptPayQR()
#8 C:\xampp\htdocs\landing.ticketbooking\system\CodeIgniter.php(457): CodeIgniter\CodeIgniter->runController(Object(App\Controllers\Deposit))
#9 C:\xampp\htdocs\landing.ticketbooking\system\CodeIgniter.php(340): CodeIgniter\CodeIgniter->handleRequest(NULL, Object(Config\Cache), false)
#10 C:\xampp\htdocs\landing.ticketbooking\public\index.php(67): CodeIgniter\CodeIgniter->run()
#11 C:\xampp\htdocs\landing.ticketbooking\system\Commands\Server\rewrite.php(43): require_once('C:\\xampp\\htdocs...')
#12 {main}
ERROR - 2022-12-21 04:21:28 --> mysqli_sql_exception: Table 'ticketbooking.promptpay_refills' doesn't exist in C:\xampp\htdocs\landing.ticketbooking\system\Database\MySQLi\Connection.php:292
Stack trace:
#0 C:\xampp\htdocs\landing.ticketbooking\system\Database\MySQLi\Connection.php(292): mysqli->query('SELECT *\nFROM `...', 0)
#1 C:\xampp\htdocs\landing.ticketbooking\system\Database\BaseConnection.php(693): CodeIgniter\Database\MySQLi\Connection->execute('SELECT *\nFROM `...')
#2 C:\xampp\htdocs\landing.ticketbooking\system\Database\BaseConnection.php(620): CodeIgniter\Database\BaseConnection->simpleQuery('SELECT *\nFROM `...')
#3 C:\xampp\htdocs\landing.ticketbooking\system\Database\BaseBuilder.php(1585): CodeIgniter\Database\BaseConnection->query('SELECT *\nFROM `...', Array, false)
#4 C:\xampp\htdocs\landing.ticketbooking\app\Models\PromptpayRefillModel.php(73): CodeIgniter\Database\BaseBuilder->get()
#5 C:\xampp\htdocs\landing.ticketbooking\app\Controllers\Deposit.php(123): App\Models\PromptpayRefillModel->getPromptpayRefillByMemberIDAndStatus('294152801598284...', '\xE0\xB8\xA3\xE0\xB8\xAD')
#6 C:\xampp\htdocs\landing.ticketbooking\app\Controllers\Deposit.php(34): App\Controllers\Deposit->getPromptPayQRByMemberID('294152801598284...')
#7 C:\xampp\htdocs\landing.ticketbooking\system\CodeIgniter.php(907): App\Controllers\Deposit->generatePromptPayQR()
#8 C:\xampp\htdocs\landing.ticketbooking\system\CodeIgniter.php(457): CodeIgniter\CodeIgniter->runController(Object(App\Controllers\Deposit))
#9 C:\xampp\htdocs\landing.ticketbooking\system\CodeIgniter.php(340): CodeIgniter\CodeIgniter->handleRequest(NULL, Object(Config\Cache), false)
#10 C:\xampp\htdocs\landing.ticketbooking\public\index.php(67): CodeIgniter\CodeIgniter->run()
#11 C:\xampp\htdocs\landing.ticketbooking\system\Commands\Server\rewrite.php(43): require_once('C:\\xampp\\htdocs...')
#12 {main}
ERROR - 2022-12-21 04:40:51 --> mysqli_sql_exception: Table 'ticketbooking.promptpay_refills' doesn't exist in C:\xampp\htdocs\landing.ticketbooking\system\Database\MySQLi\Connection.php:292
Stack trace:
#0 C:\xampp\htdocs\landing.ticketbooking\system\Database\MySQLi\Connection.php(292): mysqli->query('SELECT *\nFROM `...', 0)
#1 C:\xampp\htdocs\landing.ticketbooking\system\Database\BaseConnection.php(693): CodeIgniter\Database\MySQLi\Connection->execute('SELECT *\nFROM `...')
#2 C:\xampp\htdocs\landing.ticketbooking\system\Database\BaseConnection.php(620): CodeIgniter\Database\BaseConnection->simpleQuery('SELECT *\nFROM `...')
#3 C:\xampp\htdocs\landing.ticketbooking\system\Database\BaseBuilder.php(1585): CodeIgniter\Database\BaseConnection->query('SELECT *\nFROM `...', Array, false)
#4 C:\xampp\htdocs\landing.ticketbooking\app\Models\PromptpayRefillModel.php(73): CodeIgniter\Database\BaseBuilder->get()
#5 C:\xampp\htdocs\landing.ticketbooking\app\Controllers\Deposit.php(123): App\Models\PromptpayRefillModel->getPromptpayRefillByMemberIDAndStatus('294152801598284...', '\xE0\xB8\xA3\xE0\xB8\xAD')
#6 C:\xampp\htdocs\landing.ticketbooking\app\Controllers\Deposit.php(34): App\Controllers\Deposit->getPromptPayQRByMemberID('294152801598284...')
#7 C:\xampp\htdocs\landing.ticketbooking\system\CodeIgniter.php(907): App\Controllers\Deposit->generatePromptPayQR()
#8 C:\xampp\htdocs\landing.ticketbooking\system\CodeIgniter.php(457): CodeIgniter\CodeIgniter->runController(Object(App\Controllers\Deposit))
#9 C:\xampp\htdocs\landing.ticketbooking\system\CodeIgniter.php(340): CodeIgniter\CodeIgniter->handleRequest(NULL, Object(Config\Cache), false)
#10 C:\xampp\htdocs\landing.ticketbooking\public\index.php(67): CodeIgniter\CodeIgniter->run()
#11 C:\xampp\htdocs\landing.ticketbooking\system\Commands\Server\rewrite.php(43): require_once('C:\\xampp\\htdocs...')
#12 {main}
ERROR - 2022-12-21 04:40:59 --> mysqli_sql_exception: Table 'ticketbooking.promptpay_refills' doesn't exist in C:\xampp\htdocs\landing.ticketbooking\system\Database\MySQLi\Connection.php:292
Stack trace:
#0 C:\xampp\htdocs\landing.ticketbooking\system\Database\MySQLi\Connection.php(292): mysqli->query('SELECT *\nFROM `...', 0)
#1 C:\xampp\htdocs\landing.ticketbooking\system\Database\BaseConnection.php(693): CodeIgniter\Database\MySQLi\Connection->execute('SELECT *\nFROM `...')
#2 C:\xampp\htdocs\landing.ticketbooking\system\Database\BaseConnection.php(620): CodeIgniter\Database\BaseConnection->simpleQuery('SELECT *\nFROM `...')
#3 C:\xampp\htdocs\landing.ticketbooking\system\Database\BaseBuilder.php(1585): CodeIgniter\Database\BaseConnection->query('SELECT *\nFROM `...', Array, false)
#4 C:\xampp\htdocs\landing.ticketbooking\app\Models\PromptpayRefillModel.php(73): CodeIgniter\Database\BaseBuilder->get()
#5 C:\xampp\htdocs\landing.ticketbooking\app\Controllers\Deposit.php(123): App\Models\PromptpayRefillModel->getPromptpayRefillByMemberIDAndStatus('294152801598284...', '\xE0\xB8\xA3\xE0\xB8\xAD')
#6 C:\xampp\htdocs\landing.ticketbooking\app\Controllers\Deposit.php(34): App\Controllers\Deposit->getPromptPayQRByMemberID('294152801598284...')
#7 C:\xampp\htdocs\landing.ticketbooking\system\CodeIgniter.php(907): App\Controllers\Deposit->generatePromptPayQR()
#8 C:\xampp\htdocs\landing.ticketbooking\system\CodeIgniter.php(457): CodeIgniter\CodeIgniter->runController(Object(App\Controllers\Deposit))
#9 C:\xampp\htdocs\landing.ticketbooking\system\CodeIgniter.php(340): CodeIgniter\CodeIgniter->handleRequest(NULL, Object(Config\Cache), false)
#10 C:\xampp\htdocs\landing.ticketbooking\public\index.php(67): CodeIgniter\CodeIgniter->run()
#11 C:\xampp\htdocs\landing.ticketbooking\system\Commands\Server\rewrite.php(43): require_once('C:\\xampp\\htdocs...')
#12 {main}
ERROR - 2022-12-21 04:41:52 --> mysqli_sql_exception: Table 'ticketbooking.promptpay_refills' doesn't exist in C:\xampp\htdocs\landing.ticketbooking\system\Database\MySQLi\Connection.php:292
Stack trace:
#0 C:\xampp\htdocs\landing.ticketbooking\system\Database\MySQLi\Connection.php(292): mysqli->query('SELECT *\nFROM `...', 0)
#1 C:\xampp\htdocs\landing.ticketbooking\system\Database\BaseConnection.php(693): CodeIgniter\Database\MySQLi\Connection->execute('SELECT *\nFROM `...')
#2 C:\xampp\htdocs\landing.ticketbooking\system\Database\BaseConnection.php(620): CodeIgniter\Database\BaseConnection->simpleQuery('SELECT *\nFROM `...')
#3 C:\xampp\htdocs\landing.ticketbooking\system\Database\BaseBuilder.php(1585): CodeIgniter\Database\BaseConnection->query('SELECT *\nFROM `...', Array, false)
#4 C:\xampp\htdocs\landing.ticketbooking\app\Models\PromptpayRefillModel.php(73): CodeIgniter\Database\BaseBuilder->get()
#5 C:\xampp\htdocs\landing.ticketbooking\app\Controllers\Deposit.php(123): App\Models\PromptpayRefillModel->getPromptpayRefillByMemberIDAndStatus('294152801598284...', '\xE0\xB8\xA3\xE0\xB8\xAD')
#6 C:\xampp\htdocs\landing.ticketbooking\app\Controllers\Deposit.php(34): App\Controllers\Deposit->getPromptPayQRByMemberID('294152801598284...')
#7 C:\xampp\htdocs\landing.ticketbooking\system\CodeIgniter.php(907): App\Controllers\Deposit->generatePromptPayQR()
#8 C:\xampp\htdocs\landing.ticketbooking\system\CodeIgniter.php(457): CodeIgniter\CodeIgniter->runController(Object(App\Controllers\Deposit))
#9 C:\xampp\htdocs\landing.ticketbooking\system\CodeIgniter.php(340): CodeIgniter\CodeIgniter->handleRequest(NULL, Object(Config\Cache), false)
#10 C:\xampp\htdocs\landing.ticketbooking\public\index.php(67): CodeIgniter\CodeIgniter->run()
#11 C:\xampp\htdocs\landing.ticketbooking\system\Commands\Server\rewrite.php(43): require_once('C:\\xampp\\htdocs...')
#12 {main}
ERROR - 2022-12-21 04:42:30 --> mysqli_sql_exception: Table 'ticketbooking.promptpay_refills' doesn't exist in C:\xampp\htdocs\landing.ticketbooking\system\Database\MySQLi\Connection.php:292
Stack trace:
#0 C:\xampp\htdocs\landing.ticketbooking\system\Database\MySQLi\Connection.php(292): mysqli->query('SELECT *\nFROM `...', 0)
#1 C:\xampp\htdocs\landing.ticketbooking\system\Database\BaseConnection.php(693): CodeIgniter\Database\MySQLi\Connection->execute('SELECT *\nFROM `...')
#2 C:\xampp\htdocs\landing.ticketbooking\system\Database\BaseConnection.php(620): CodeIgniter\Database\BaseConnection->simpleQuery('SELECT *\nFROM `...')
#3 C:\xampp\htdocs\landing.ticketbooking\system\Database\BaseBuilder.php(1585): CodeIgniter\Database\BaseConnection->query('SELECT *\nFROM `...', Array, false)
#4 C:\xampp\htdocs\landing.ticketbooking\app\Models\PromptpayRefillModel.php(73): CodeIgniter\Database\BaseBuilder->get()
#5 C:\xampp\htdocs\landing.ticketbooking\app\Controllers\Deposit.php(123): App\Models\PromptpayRefillModel->getPromptpayRefillByMemberIDAndStatus('294152801598284...', '\xE0\xB8\xA3\xE0\xB8\xAD')
#6 C:\xampp\htdocs\landing.ticketbooking\app\Controllers\Deposit.php(34): App\Controllers\Deposit->getPromptPayQRByMemberID('294152801598284...')
#7 C:\xampp\htdocs\landing.ticketbooking\system\CodeIgniter.php(907): App\Controllers\Deposit->generatePromptPayQR()
#8 C:\xampp\htdocs\landing.ticketbooking\system\CodeIgniter.php(457): CodeIgniter\CodeIgniter->runController(Object(App\Controllers\Deposit))
#9 C:\xampp\htdocs\landing.ticketbooking\system\CodeIgniter.php(340): CodeIgniter\CodeIgniter->handleRequest(NULL, Object(Config\Cache), false)
#10 C:\xampp\htdocs\landing.ticketbooking\public\index.php(67): CodeIgniter\CodeIgniter->run()
#11 C:\xampp\htdocs\landing.ticketbooking\system\Commands\Server\rewrite.php(43): require_once('C:\\xampp\\htdocs...')
#12 {main}
ERROR - 2022-12-21 04:43:24 --> mysqli_sql_exception: Table 'ticketbooking.promptpay_refills' doesn't exist in C:\xampp\htdocs\landing.ticketbooking\system\Database\MySQLi\Connection.php:292
Stack trace:
#0 C:\xampp\htdocs\landing.ticketbooking\system\Database\MySQLi\Connection.php(292): mysqli->query('SELECT *\nFROM `...', 0)
#1 C:\xampp\htdocs\landing.ticketbooking\system\Database\BaseConnection.php(693): CodeIgniter\Database\MySQLi\Connection->execute('SELECT *\nFROM `...')
#2 C:\xampp\htdocs\landing.ticketbooking\system\Database\BaseConnection.php(620): CodeIgniter\Database\BaseConnection->simpleQuery('SELECT *\nFROM `...')
#3 C:\xampp\htdocs\landing.ticketbooking\system\Database\BaseBuilder.php(1585): CodeIgniter\Database\BaseConnection->query('SELECT *\nFROM `...', Array, false)
#4 C:\xampp\htdocs\landing.ticketbooking\app\Models\PromptpayRefillModel.php(73): CodeIgniter\Database\BaseBuilder->get()
#5 C:\xampp\htdocs\landing.ticketbooking\app\Controllers\Deposit.php(123): App\Models\PromptpayRefillModel->getPromptpayRefillByMemberIDAndStatus('294152801598284...', '\xE0\xB8\xA3\xE0\xB8\xAD')
#6 C:\xampp\htdocs\landing.ticketbooking\app\Controllers\Deposit.php(34): App\Controllers\Deposit->getPromptPayQRByMemberID('294152801598284...')
#7 C:\xampp\htdocs\landing.ticketbooking\system\CodeIgniter.php(907): App\Controllers\Deposit->generatePromptPayQR()
#8 C:\xampp\htdocs\landing.ticketbooking\system\CodeIgniter.php(457): CodeIgniter\CodeIgniter->runController(Object(App\Controllers\Deposit))
#9 C:\xampp\htdocs\landing.ticketbooking\system\CodeIgniter.php(340): CodeIgniter\CodeIgniter->handleRequest(NULL, Object(Config\Cache), false)
#10 C:\xampp\htdocs\landing.ticketbooking\public\index.php(67): CodeIgniter\CodeIgniter->run()
#11 C:\xampp\htdocs\landing.ticketbooking\system\Commands\Server\rewrite.php(43): require_once('C:\\xampp\\htdocs...')
#12 {main}
ERROR - 2022-12-21 04:43:48 --> mysqli_sql_exception: Table 'ticketbooking.promptpay_refills' doesn't exist in C:\xampp\htdocs\landing.ticketbooking\system\Database\MySQLi\Connection.php:292
Stack trace:
#0 C:\xampp\htdocs\landing.ticketbooking\system\Database\MySQLi\Connection.php(292): mysqli->query('SELECT *\nFROM `...', 0)
#1 C:\xampp\htdocs\landing.ticketbooking\system\Database\BaseConnection.php(693): CodeIgniter\Database\MySQLi\Connection->execute('SELECT *\nFROM `...')
#2 C:\xampp\htdocs\landing.ticketbooking\system\Database\BaseConnection.php(620): CodeIgniter\Database\BaseConnection->simpleQuery('SELECT *\nFROM `...')
#3 C:\xampp\htdocs\landing.ticketbooking\system\Database\BaseBuilder.php(1585): CodeIgniter\Database\BaseConnection->query('SELECT *\nFROM `...', Array, false)
#4 C:\xampp\htdocs\landing.ticketbooking\app\Models\PromptpayRefillModel.php(73): CodeIgniter\Database\BaseBuilder->get()
#5 C:\xampp\htdocs\landing.ticketbooking\app\Controllers\Deposit.php(123): App\Models\PromptpayRefillModel->getPromptpayRefillByMemberIDAndStatus('294152801598284...', '\xE0\xB8\xA3\xE0\xB8\xAD')
#6 C:\xampp\htdocs\landing.ticketbooking\app\Controllers\Deposit.php(34): App\Controllers\Deposit->getPromptPayQRByMemberID('294152801598284...')
#7 C:\xampp\htdocs\landing.ticketbooking\system\CodeIgniter.php(907): App\Controllers\Deposit->generatePromptPayQR()
#8 C:\xampp\htdocs\landing.ticketbooking\system\CodeIgniter.php(457): CodeIgniter\CodeIgniter->runController(Object(App\Controllers\Deposit))
#9 C:\xampp\htdocs\landing.ticketbooking\system\CodeIgniter.php(340): CodeIgniter\CodeIgniter->handleRequest(NULL, Object(Config\Cache), false)
#10 C:\xampp\htdocs\landing.ticketbooking\public\index.php(67): CodeIgniter\CodeIgniter->run()
#11 C:\xampp\htdocs\landing.ticketbooking\system\Commands\Server\rewrite.php(43): require_once('C:\\xampp\\htdocs...')
#12 {main}
ERROR - 2022-12-21 04:43:56 --> mysqli_sql_exception: Table 'ticketbooking.promptpay_refills' doesn't exist in C:\xampp\htdocs\landing.ticketbooking\system\Database\MySQLi\Connection.php:292
Stack trace:
#0 C:\xampp\htdocs\landing.ticketbooking\system\Database\MySQLi\Connection.php(292): mysqli->query('SELECT *\nFROM `...', 0)
#1 C:\xampp\htdocs\landing.ticketbooking\system\Database\BaseConnection.php(693): CodeIgniter\Database\MySQLi\Connection->execute('SELECT *\nFROM `...')
#2 C:\xampp\htdocs\landing.ticketbooking\system\Database\BaseConnection.php(620): CodeIgniter\Database\BaseConnection->simpleQuery('SELECT *\nFROM `...')
#3 C:\xampp\htdocs\landing.ticketbooking\system\Database\BaseBuilder.php(1585): CodeIgniter\Database\BaseConnection->query('SELECT *\nFROM `...', Array, false)
#4 C:\xampp\htdocs\landing.ticketbooking\app\Models\PromptpayRefillModel.php(73): CodeIgniter\Database\BaseBuilder->get()
#5 C:\xampp\htdocs\landing.ticketbooking\app\Controllers\Deposit.php(123): App\Models\PromptpayRefillModel->getPromptpayRefillByMemberIDAndStatus('294152801598284...', '\xE0\xB8\xA3\xE0\xB8\xAD')
#6 C:\xampp\htdocs\landing.ticketbooking\app\Controllers\Deposit.php(34): App\Controllers\Deposit->getPromptPayQRByMemberID('294152801598284...')
#7 C:\xampp\htdocs\landing.ticketbooking\system\CodeIgniter.php(907): App\Controllers\Deposit->generatePromptPayQR()
#8 C:\xampp\htdocs\landing.ticketbooking\system\CodeIgniter.php(457): CodeIgniter\CodeIgniter->runController(Object(App\Controllers\Deposit))
#9 C:\xampp\htdocs\landing.ticketbooking\system\CodeIgniter.php(340): CodeIgniter\CodeIgniter->handleRequest(NULL, Object(Config\Cache), false)
#10 C:\xampp\htdocs\landing.ticketbooking\public\index.php(67): CodeIgniter\CodeIgniter->run()
#11 C:\xampp\htdocs\landing.ticketbooking\system\Commands\Server\rewrite.php(43): require_once('C:\\xampp\\htdocs...')
#12 {main}
ERROR - 2022-12-21 04:44:06 --> mysqli_sql_exception: Table 'ticketbooking.promptpay_refills' doesn't exist in C:\xampp\htdocs\landing.ticketbooking\system\Database\MySQLi\Connection.php:292
Stack trace:
#0 C:\xampp\htdocs\landing.ticketbooking\system\Database\MySQLi\Connection.php(292): mysqli->query('SELECT *\nFROM `...', 0)
#1 C:\xampp\htdocs\landing.ticketbooking\system\Database\BaseConnection.php(693): CodeIgniter\Database\MySQLi\Connection->execute('SELECT *\nFROM `...')
#2 C:\xampp\htdocs\landing.ticketbooking\system\Database\BaseConnection.php(620): CodeIgniter\Database\BaseConnection->simpleQuery('SELECT *\nFROM `...')
#3 C:\xampp\htdocs\landing.ticketbooking\system\Database\BaseBuilder.php(1585): CodeIgniter\Database\BaseConnection->query('SELECT *\nFROM `...', Array, false)
#4 C:\xampp\htdocs\landing.ticketbooking\app\Models\PromptpayRefillModel.php(73): CodeIgniter\Database\BaseBuilder->get()
#5 C:\xampp\htdocs\landing.ticketbooking\app\Controllers\Deposit.php(123): App\Models\PromptpayRefillModel->getPromptpayRefillByMemberIDAndStatus('294152801598284...', '\xE0\xB8\xA3\xE0\xB8\xAD')
#6 C:\xampp\htdocs\landing.ticketbooking\app\Controllers\Deposit.php(34): App\Controllers\Deposit->getPromptPayQRByMemberID('294152801598284...')
#7 C:\xampp\htdocs\landing.ticketbooking\system\CodeIgniter.php(907): App\Controllers\Deposit->generatePromptPayQR()
#8 C:\xampp\htdocs\landing.ticketbooking\system\CodeIgniter.php(457): CodeIgniter\CodeIgniter->runController(Object(App\Controllers\Deposit))
#9 C:\xampp\htdocs\landing.ticketbooking\system\CodeIgniter.php(340): CodeIgniter\CodeIgniter->handleRequest(NULL, Object(Config\Cache), false)
#10 C:\xampp\htdocs\landing.ticketbooking\public\index.php(67): CodeIgniter\CodeIgniter->run()
#11 C:\xampp\htdocs\landing.ticketbooking\system\Commands\Server\rewrite.php(43): require_once('C:\\xampp\\htdocs...')
#12 {main}
ERROR - 2022-12-21 04:44:16 --> mysqli_sql_exception: Table 'ticketbooking.promptpay_refills' doesn't exist in C:\xampp\htdocs\landing.ticketbooking\system\Database\MySQLi\Connection.php:292
Stack trace:
#0 C:\xampp\htdocs\landing.ticketbooking\system\Database\MySQLi\Connection.php(292): mysqli->query('SELECT *\nFROM `...', 0)
#1 C:\xampp\htdocs\landing.ticketbooking\system\Database\BaseConnection.php(693): CodeIgniter\Database\MySQLi\Connection->execute('SELECT *\nFROM `...')
#2 C:\xampp\htdocs\landing.ticketbooking\system\Database\BaseConnection.php(620): CodeIgniter\Database\BaseConnection->simpleQuery('SELECT *\nFROM `...')
#3 C:\xampp\htdocs\landing.ticketbooking\system\Database\BaseBuilder.php(1585): CodeIgniter\Database\BaseConnection->query('SELECT *\nFROM `...', Array, false)
#4 C:\xampp\htdocs\landing.ticketbooking\app\Models\PromptpayRefillModel.php(73): CodeIgniter\Database\BaseBuilder->get()
#5 C:\xampp\htdocs\landing.ticketbooking\app\Controllers\Deposit.php(123): App\Models\PromptpayRefillModel->getPromptpayRefillByMemberIDAndStatus('294152801598284...', '\xE0\xB8\xA3\xE0\xB8\xAD')
#6 C:\xampp\htdocs\landing.ticketbooking\app\Controllers\Deposit.php(34): App\Controllers\Deposit->getPromptPayQRByMemberID('294152801598284...')
#7 C:\xampp\htdocs\landing.ticketbooking\system\CodeIgniter.php(907): App\Controllers\Deposit->generatePromptPayQR()
#8 C:\xampp\htdocs\landing.ticketbooking\system\CodeIgniter.php(457): CodeIgniter\CodeIgniter->runController(Object(App\Controllers\Deposit))
#9 C:\xampp\htdocs\landing.ticketbooking\system\CodeIgniter.php(340): CodeIgniter\CodeIgniter->handleRequest(NULL, Object(Config\Cache), false)
#10 C:\xampp\htdocs\landing.ticketbooking\public\index.php(67): CodeIgniter\CodeIgniter->run()
#11 C:\xampp\htdocs\landing.ticketbooking\system\Commands\Server\rewrite.php(43): require_once('C:\\xampp\\htdocs...')
#12 {main}
ERROR - 2022-12-21 04:44:29 --> mysqli_sql_exception: Table 'ticketbooking.promptpay_refills' doesn't exist in C:\xampp\htdocs\landing.ticketbooking\system\Database\MySQLi\Connection.php:292
Stack trace:
#0 C:\xampp\htdocs\landing.ticketbooking\system\Database\MySQLi\Connection.php(292): mysqli->query('SELECT *\nFROM `...', 0)
#1 C:\xampp\htdocs\landing.ticketbooking\system\Database\BaseConnection.php(693): CodeIgniter\Database\MySQLi\Connection->execute('SELECT *\nFROM `...')
#2 C:\xampp\htdocs\landing.ticketbooking\system\Database\BaseConnection.php(620): CodeIgniter\Database\BaseConnection->simpleQuery('SELECT *\nFROM `...')
#3 C:\xampp\htdocs\landing.ticketbooking\system\Database\BaseBuilder.php(1585): CodeIgniter\Database\BaseConnection->query('SELECT *\nFROM `...', Array, false)
#4 C:\xampp\htdocs\landing.ticketbooking\app\Models\PromptpayRefillModel.php(73): CodeIgniter\Database\BaseBuilder->get()
#5 C:\xampp\htdocs\landing.ticketbooking\app\Controllers\Deposit.php(123): App\Models\PromptpayRefillModel->getPromptpayRefillByMemberIDAndStatus('294152801598284...', '\xE0\xB8\xA3\xE0\xB8\xAD')
#6 C:\xampp\htdocs\landing.ticketbooking\app\Controllers\Deposit.php(34): App\Controllers\Deposit->getPromptPayQRByMemberID('294152801598284...')
#7 C:\xampp\htdocs\landing.ticketbooking\system\CodeIgniter.php(907): App\Controllers\Deposit->generatePromptPayQR()
#8 C:\xampp\htdocs\landing.ticketbooking\system\CodeIgniter.php(457): CodeIgniter\CodeIgniter->runController(Object(App\Controllers\Deposit))
#9 C:\xampp\htdocs\landing.ticketbooking\system\CodeIgniter.php(340): CodeIgniter\CodeIgniter->handleRequest(NULL, Object(Config\Cache), false)
#10 C:\xampp\htdocs\landing.ticketbooking\public\index.php(67): CodeIgniter\CodeIgniter->run()
#11 C:\xampp\htdocs\landing.ticketbooking\system\Commands\Server\rewrite.php(43): require_once('C:\\xampp\\htdocs...')
#12 {main}
ERROR - 2022-12-21 04:44:46 --> mysqli_sql_exception: Table 'ticketbooking.promptpay_refills' doesn't exist in C:\xampp\htdocs\landing.ticketbooking\system\Database\MySQLi\Connection.php:292
Stack trace:
#0 C:\xampp\htdocs\landing.ticketbooking\system\Database\MySQLi\Connection.php(292): mysqli->query('SELECT *\nFROM `...', 0)
#1 C:\xampp\htdocs\landing.ticketbooking\system\Database\BaseConnection.php(693): CodeIgniter\Database\MySQLi\Connection->execute('SELECT *\nFROM `...')
#2 C:\xampp\htdocs\landing.ticketbooking\system\Database\BaseConnection.php(620): CodeIgniter\Database\BaseConnection->simpleQuery('SELECT *\nFROM `...')
#3 C:\xampp\htdocs\landing.ticketbooking\system\Database\BaseBuilder.php(1585): CodeIgniter\Database\BaseConnection->query('SELECT *\nFROM `...', Array, false)
#4 C:\xampp\htdocs\landing.ticketbooking\app\Models\PromptpayRefillModel.php(73): CodeIgniter\Database\BaseBuilder->get()
#5 C:\xampp\htdocs\landing.ticketbooking\app\Controllers\Deposit.php(123): App\Models\PromptpayRefillModel->getPromptpayRefillByMemberIDAndStatus('294152801598284...', '\xE0\xB8\xA3\xE0\xB8\xAD')
#6 C:\xampp\htdocs\landing.ticketbooking\app\Controllers\Deposit.php(34): App\Controllers\Deposit->getPromptPayQRByMemberID('294152801598284...')
#7 C:\xampp\htdocs\landing.ticketbooking\system\CodeIgniter.php(907): App\Controllers\Deposit->generatePromptPayQR()
#8 C:\xampp\htdocs\landing.ticketbooking\system\CodeIgniter.php(457): CodeIgniter\CodeIgniter->runController(Object(App\Controllers\Deposit))
#9 C:\xampp\htdocs\landing.ticketbooking\system\CodeIgniter.php(340): CodeIgniter\CodeIgniter->handleRequest(NULL, Object(Config\Cache), false)
#10 C:\xampp\htdocs\landing.ticketbooking\public\index.php(67): CodeIgniter\CodeIgniter->run()
#11 C:\xampp\htdocs\landing.ticketbooking\system\Commands\Server\rewrite.php(43): require_once('C:\\xampp\\htdocs...')
#12 {main}
